<?xml version="1.0" encoding="UTF-8"?>
<!-- Generated by org.testng.reporters.JUnitXMLReporter -->
<testsuite ignored="1" hostname="DESKTOP-UQ5BJ9E" failures="0" tests="2" name="TestExclude" time="15.164" errors="0" timestamp="2023-03-23T14:34:20 IST">
  <testcase classname="TestNgTestCases.VerifyForgottPassordPage" name="verifyMessageOnForgotPassWordPage" time="0.05"/>
  <testcase classname="TestNgTestCases.VerifyForgottPassordPage" name="verifyCancelButtonOnForgotPassWordPage" time="1.466"/>
  <testcase classname="TestNgTestCases.VerifyForgottPassordPage" name="verifySearchButtonOnForgotPassWordPage" time="0.0">
    <ignored/>
  </testcase> <!-- verifySearchButtonOnForgotPassWordPage -->
</testsuite> <!-- TestExclude -->
