<?xml version="1.0" encoding="UTF-8"?>
<testng-results ignored="0" total="9" passed="7" failed="2" skipped="0">
  <reporter-output>
  </reporter-output>
  <suite started-at="2023-03-23T21:01:45 IST" name="Suite1" finished-at="2023-03-23T21:06:32 IST" duration-ms="286973">
    <groups>
    </groups>
    <test started-at="2023-03-23T21:01:45 IST" name="ChromeTest1" finished-at="2023-03-23T21:02:53 IST" duration-ms="67861">
      <class name="TestNgTestCases.VerifyForgottPassordPage">
        <test-method is-config="true" signature="OpenTheBrowser(java.lang.String)[pri:0, instance:TestNgTestCases.VerifyForgottPassordPage@67a20f67]" started-at="2023-03-23T21:01:45 IST" name="OpenTheBrowser" finished-at="2023-03-23T21:01:58 IST" duration-ms="12558" status="PASS">
          <params>
            <param index="0">
              <value>
                <![CDATA[Chrome]]>
              </value>
            </param>
          </params>
          <reporter-output>
          </reporter-output>
        </test-method> <!-- OpenTheBrowser -->
        <test-method is-config="true" signature="gotoForgottPasswordPage()[pri:0, instance:TestNgTestCases.VerifyForgottPassordPage@67a20f67]" started-at="2023-03-23T21:01:58 IST" name="gotoForgottPasswordPage" finished-at="2023-03-23T21:02:26 IST" duration-ms="28298" status="PASS">
          <reporter-output>
          </reporter-output>
        </test-method> <!-- gotoForgottPasswordPage -->
        <test-method signature="verifyMessageOnForgotPassWordPage()[pri:1, instance:TestNgTestCases.VerifyForgottPassordPage@67a20f67]" started-at="2023-03-23T21:02:26 IST" name="verifyMessageOnForgotPassWordPage" finished-at="2023-03-23T21:02:27 IST" duration-ms="337" status="PASS">
          <reporter-output>
          </reporter-output>
        </test-method> <!-- verifyMessageOnForgotPassWordPage -->
        <test-method is-config="true" signature="AfterMethodLogOutApplication()[pri:0, instance:TestNgTestCases.VerifyForgottPassordPage@67a20f67]" started-at="2023-03-23T21:02:27 IST" name="AfterMethodLogOutApplication" finished-at="2023-03-23T21:02:27 IST" duration-ms="1" status="PASS">
          <reporter-output>
          </reporter-output>
        </test-method> <!-- AfterMethodLogOutApplication -->
        <test-method is-config="true" signature="gotoForgottPasswordPage()[pri:0, instance:TestNgTestCases.VerifyForgottPassordPage@67a20f67]" started-at="2023-03-23T21:02:27 IST" name="gotoForgottPasswordPage" finished-at="2023-03-23T21:02:35 IST" duration-ms="8596" status="PASS">
          <reporter-output>
          </reporter-output>
        </test-method> <!-- gotoForgottPasswordPage -->
        <test-method signature="verifyCancelButtonOnForgotPassWordPage()[pri:2, instance:TestNgTestCases.VerifyForgottPassordPage@67a20f67]" started-at="2023-03-23T21:02:35 IST" name="verifyCancelButtonOnForgotPassWordPage" finished-at="2023-03-23T21:02:42 IST" duration-ms="6339" status="PASS">
          <reporter-output>
          </reporter-output>
        </test-method> <!-- verifyCancelButtonOnForgotPassWordPage -->
        <test-method is-config="true" signature="AfterMethodLogOutApplication()[pri:0, instance:TestNgTestCases.VerifyForgottPassordPage@67a20f67]" started-at="2023-03-23T21:02:42 IST" name="AfterMethodLogOutApplication" finished-at="2023-03-23T21:02:42 IST" duration-ms="1" status="PASS">
          <reporter-output>
          </reporter-output>
        </test-method> <!-- AfterMethodLogOutApplication -->
        <test-method is-config="true" signature="gotoForgottPasswordPage()[pri:0, instance:TestNgTestCases.VerifyForgottPassordPage@67a20f67]" started-at="2023-03-23T21:02:42 IST" name="gotoForgottPasswordPage" finished-at="2023-03-23T21:02:49 IST" duration-ms="7519" status="PASS">
          <reporter-output>
          </reporter-output>
        </test-method> <!-- gotoForgottPasswordPage -->
        <test-method signature="verifySearchButtonOnForgotPassWordPage()[pri:3, instance:TestNgTestCases.VerifyForgottPassordPage@67a20f67]" started-at="2023-03-23T21:02:49 IST" name="verifySearchButtonOnForgotPassWordPage" finished-at="2023-03-23T21:02:53 IST" duration-ms="3403" status="PASS">
          <reporter-output>
          </reporter-output>
        </test-method> <!-- verifySearchButtonOnForgotPassWordPage -->
        <test-method is-config="true" signature="AfterMethodLogOutApplication()[pri:0, instance:TestNgTestCases.VerifyForgottPassordPage@67a20f67]" started-at="2023-03-23T21:02:53 IST" name="AfterMethodLogOutApplication" finished-at="2023-03-23T21:02:53 IST" duration-ms="0" status="PASS">
          <reporter-output>
          </reporter-output>
        </test-method> <!-- AfterMethodLogOutApplication -->
        <test-method is-config="true" signature="BrowserClosed()[pri:0, instance:TestNgTestCases.VerifyForgottPassordPage@67a20f67]" started-at="2023-03-23T21:02:53 IST" name="BrowserClosed" finished-at="2023-03-23T21:02:53 IST" duration-ms="650" status="PASS">
          <reporter-output>
          </reporter-output>
        </test-method> <!-- BrowserClosed -->
      </class> <!-- TestNgTestCases.VerifyForgottPassordPage -->
    </test> <!-- ChromeTest1 -->
    <test started-at="2023-03-23T21:02:54 IST" name="FirefoxTest1" finished-at="2023-03-23T21:04:41 IST" duration-ms="106984">
      <class name="TestNgTestCases.VerifyForgottPassordPage">
        <test-method is-config="true" signature="OpenTheBrowser(java.lang.String)[pri:0, instance:TestNgTestCases.VerifyForgottPassordPage@192d43ce]" started-at="2023-03-23T21:02:54 IST" name="OpenTheBrowser" finished-at="2023-03-23T21:03:32 IST" duration-ms="38624" status="PASS">
          <params>
            <param index="0">
              <value>
                <![CDATA[Firefox]]>
              </value>
            </param>
          </params>
          <reporter-output>
          </reporter-output>
        </test-method> <!-- OpenTheBrowser -->
        <test-method is-config="true" signature="gotoForgottPasswordPage()[pri:0, instance:TestNgTestCases.VerifyForgottPassordPage@192d43ce]" started-at="2023-03-23T21:03:32 IST" name="gotoForgottPasswordPage" finished-at="2023-03-23T21:04:06 IST" duration-ms="34031" status="PASS">
          <reporter-output>
          </reporter-output>
        </test-method> <!-- gotoForgottPasswordPage -->
        <test-method signature="verifyMessageOnForgotPassWordPage()[pri:1, instance:TestNgTestCases.VerifyForgottPassordPage@192d43ce]" started-at="2023-03-23T21:04:06 IST" name="verifyMessageOnForgotPassWordPage" finished-at="2023-03-23T21:04:07 IST" duration-ms="134" status="PASS">
          <reporter-output>
          </reporter-output>
        </test-method> <!-- verifyMessageOnForgotPassWordPage -->
        <test-method is-config="true" signature="AfterMethodLogOutApplication()[pri:0, instance:TestNgTestCases.VerifyForgottPassordPage@192d43ce]" started-at="2023-03-23T21:04:07 IST" name="AfterMethodLogOutApplication" finished-at="2023-03-23T21:04:07 IST" duration-ms="1" status="PASS">
          <reporter-output>
          </reporter-output>
        </test-method> <!-- AfterMethodLogOutApplication -->
        <test-method is-config="true" signature="gotoForgottPasswordPage()[pri:0, instance:TestNgTestCases.VerifyForgottPassordPage@192d43ce]" started-at="2023-03-23T21:04:07 IST" name="gotoForgottPasswordPage" finished-at="2023-03-23T21:04:13 IST" duration-ms="6018" status="PASS">
          <reporter-output>
          </reporter-output>
        </test-method> <!-- gotoForgottPasswordPage -->
        <test-method signature="verifyCancelButtonOnForgotPassWordPage()[pri:2, instance:TestNgTestCases.VerifyForgottPassordPage@192d43ce]" started-at="2023-03-23T21:04:13 IST" name="verifyCancelButtonOnForgotPassWordPage" finished-at="2023-03-23T21:04:16 IST" duration-ms="3852" status="PASS">
          <reporter-output>
          </reporter-output>
        </test-method> <!-- verifyCancelButtonOnForgotPassWordPage -->
        <test-method is-config="true" signature="AfterMethodLogOutApplication()[pri:0, instance:TestNgTestCases.VerifyForgottPassordPage@192d43ce]" started-at="2023-03-23T21:04:16 IST" name="AfterMethodLogOutApplication" finished-at="2023-03-23T21:04:16 IST" duration-ms="0" status="PASS">
          <reporter-output>
          </reporter-output>
        </test-method> <!-- AfterMethodLogOutApplication -->
        <test-method is-config="true" signature="gotoForgottPasswordPage()[pri:0, instance:TestNgTestCases.VerifyForgottPassordPage@192d43ce]" started-at="2023-03-23T21:04:16 IST" name="gotoForgottPasswordPage" finished-at="2023-03-23T21:04:22 IST" duration-ms="5867" status="PASS">
          <reporter-output>
          </reporter-output>
        </test-method> <!-- gotoForgottPasswordPage -->
        <test-method signature="verifySearchButtonOnForgotPassWordPage()[pri:3, instance:TestNgTestCases.VerifyForgottPassordPage@192d43ce]" started-at="2023-03-23T21:04:22 IST" name="verifySearchButtonOnForgotPassWordPage" finished-at="2023-03-23T21:04:35 IST" duration-ms="13122" status="FAIL">
          <exception class="org.openqa.selenium.NoSuchElementException">
            <message>
              <![CDATA[Unable to locate element: //h3[text()='You’re Temporarily Blocked']
For documentation on this error, please visit: https://www.seleniumhq.org/exceptions/no_such_element.html
Build info: version: '3.141.59', revision: 'e82be7d358', time: '2018-11-14T08:17:03'
System info: host: 'DESKTOP-UQ5BJ9E', ip: '192.168.43.158', os.name: 'Windows 10', os.arch: 'amd64', os.version: '10.0', java.version: '18.0.2.1'
Driver info: org.openqa.selenium.firefox.FirefoxDriver
Capabilities {acceptInsecureCerts: true, browserName: firefox, browserVersion: 76.0.1, javascriptEnabled: true, moz:accessibilityChecks: false, moz:buildID: 20200507114007, moz:geckodriverVersion: 0.32.2, moz:headless: false, moz:processID: 7788, moz:profile: C:\Users\Shivam\AppData\Loc..., moz:shutdownTimeout: 60000, moz:useNonSpecCompliantPointerOrigin: false, moz:webdriverClick: true, pageLoadStrategy: normal, platform: WINDOWS, platformName: WINDOWS, platformVersion: 10.0, rotatable: false, setWindowRect: true, strictFileInteractability: false, timeouts: {implicit: 0, pageLoad: 300000, script: 30000}, unhandledPromptBehavior: dismiss and notify}
Session ID: d15314de-25f3-4c64-9c25-f8b5b54b25c4
*** Element info: {Using=xpath, value=//h3[text()='You’re Temporarily Blocked']}]]>
            </message>
            <full-stacktrace>
              <![CDATA[org.openqa.selenium.NoSuchElementException: Unable to locate element: //h3[text()='You’re Temporarily Blocked']
For documentation on this error, please visit: https://www.seleniumhq.org/exceptions/no_such_element.html
Build info: version: '3.141.59', revision: 'e82be7d358', time: '2018-11-14T08:17:03'
System info: host: 'DESKTOP-UQ5BJ9E', ip: '192.168.43.158', os.name: 'Windows 10', os.arch: 'amd64', os.version: '10.0', java.version: '18.0.2.1'
Driver info: org.openqa.selenium.firefox.FirefoxDriver
Capabilities {acceptInsecureCerts: true, browserName: firefox, browserVersion: 76.0.1, javascriptEnabled: true, moz:accessibilityChecks: false, moz:buildID: 20200507114007, moz:geckodriverVersion: 0.32.2, moz:headless: false, moz:processID: 7788, moz:profile: C:\Users\Shivam\AppData\Loc..., moz:shutdownTimeout: 60000, moz:useNonSpecCompliantPointerOrigin: false, moz:webdriverClick: true, pageLoadStrategy: normal, platform: WINDOWS, platformName: WINDOWS, platformVersion: 10.0, rotatable: false, setWindowRect: true, strictFileInteractability: false, timeouts: {implicit: 0, pageLoad: 300000, script: 30000}, unhandledPromptBehavior: dismiss and notify}
Session ID: d15314de-25f3-4c64-9c25-f8b5b54b25c4
*** Element info: {Using=xpath, value=//h3[text()='You’re Temporarily Blocked']}
at java.base/jdk.internal.reflect.DirectConstructorHandleAccessor.newInstance(DirectConstructorHandleAccessor.java:67)
at java.base/java.lang.reflect.Constructor.newInstanceWithCaller(Constructor.java:499)
at java.base/java.lang.reflect.Constructor.newInstance(Constructor.java:483)
at org.openqa.selenium.remote.http.W3CHttpResponseCodec.createException(W3CHttpResponseCodec.java:187)
at org.openqa.selenium.remote.http.W3CHttpResponseCodec.decode(W3CHttpResponseCodec.java:122)
at org.openqa.selenium.remote.http.W3CHttpResponseCodec.decode(W3CHttpResponseCodec.java:49)
at org.openqa.selenium.remote.HttpCommandExecutor.execute(HttpCommandExecutor.java:158)
at org.openqa.selenium.remote.service.DriverCommandExecutor.execute(DriverCommandExecutor.java:83)
at org.openqa.selenium.remote.RemoteWebDriver.execute(RemoteWebDriver.java:552)
at org.openqa.selenium.remote.RemoteWebDriver.findElement(RemoteWebDriver.java:323)
at org.openqa.selenium.remote.RemoteWebDriver.findElementByXPath(RemoteWebDriver.java:428)
at org.openqa.selenium.By$ByXPath.findElement(By.java:353)
at org.openqa.selenium.remote.RemoteWebDriver.findElement(RemoteWebDriver.java:315)
at org.openqa.selenium.support.pagefactory.DefaultElementLocator.findElement(DefaultElementLocator.java:69)
at org.openqa.selenium.support.pagefactory.internal.LocatingElementHandler.invoke(LocatingElementHandler.java:38)
at jdk.proxy2/jdk.proxy2.$Proxy15.getText(Unknown Source)
at Page.ForgttonPassWordPage.getTextErrorTitleyourTemporalyText(ForgttonPassWordPage.java:63)
at TestNgTestCases.VerifyForgottPassordPage.verifySearchButtonOnForgotPassWordPage(VerifyForgottPassordPage.java:116)
at java.base/jdk.internal.reflect.DirectMethodHandleAccessor.invoke(DirectMethodHandleAccessor.java:104)
at java.base/java.lang.reflect.Method.invoke(Method.java:577)
at org.testng.internal.MethodInvocationHelper.invokeMethod(MethodInvocationHelper.java:133)
at org.testng.internal.TestInvoker.invokeMethod(TestInvoker.java:598)
at org.testng.internal.TestInvoker.invokeTestMethod(TestInvoker.java:173)
at org.testng.internal.MethodRunner.runInSequence(MethodRunner.java:46)
at org.testng.internal.TestInvoker$MethodInvocationAgent.invoke(TestInvoker.java:824)
at org.testng.internal.TestInvoker.invokeTestMethods(TestInvoker.java:146)
at org.testng.internal.TestMethodWorker.invokeTestMethods(TestMethodWorker.java:146)
at org.testng.internal.TestMethodWorker.run(TestMethodWorker.java:128)
at java.base/java.util.ArrayList.forEach(ArrayList.java:1511)
at org.testng.TestRunner.privateRun(TestRunner.java:794)
at org.testng.TestRunner.run(TestRunner.java:596)
at org.testng.SuiteRunner.runTest(SuiteRunner.java:377)
at org.testng.SuiteRunner.runSequentially(SuiteRunner.java:371)
at org.testng.SuiteRunner.privateRun(SuiteRunner.java:332)
at org.testng.SuiteRunner.run(SuiteRunner.java:276)
at org.testng.SuiteRunnerWorker.runSuite(SuiteRunnerWorker.java:53)
at org.testng.SuiteRunnerWorker.run(SuiteRunnerWorker.java:96)
at org.testng.TestNG.runSuitesSequentially(TestNG.java:1212)
at org.testng.TestNG.runSuitesLocally(TestNG.java:1134)
at org.testng.TestNG.runSuites(TestNG.java:1063)
at org.testng.TestNG.run(TestNG.java:1031)
at org.testng.remote.AbstractRemoteTestNG.run(AbstractRemoteTestNG.java:115)
at org.testng.remote.RemoteTestNG.initAndRun(RemoteTestNG.java:251)
at org.testng.remote.RemoteTestNG.main(RemoteTestNG.java:77)
]]>
            </full-stacktrace>
          </exception> <!-- org.openqa.selenium.NoSuchElementException -->
          <reporter-output>
          </reporter-output>
        </test-method> <!-- verifySearchButtonOnForgotPassWordPage -->
        <test-method is-config="true" signature="AfterMethodLogOutApplication()[pri:0, instance:TestNgTestCases.VerifyForgottPassordPage@192d43ce]" started-at="2023-03-23T21:04:35 IST" name="AfterMethodLogOutApplication" finished-at="2023-03-23T21:04:35 IST" duration-ms="5" status="PASS">
          <reporter-output>
          </reporter-output>
        </test-method> <!-- AfterMethodLogOutApplication -->
        <test-method is-config="true" signature="BrowserClosed()[pri:0, instance:TestNgTestCases.VerifyForgottPassordPage@192d43ce]" started-at="2023-03-23T21:04:35 IST" name="BrowserClosed" finished-at="2023-03-23T21:04:41 IST" duration-ms="5300" status="PASS">
          <reporter-output>
          </reporter-output>
        </test-method> <!-- BrowserClosed -->
      </class> <!-- TestNgTestCases.VerifyForgottPassordPage -->
    </test> <!-- FirefoxTest1 -->
    <test started-at="2023-03-23T21:04:41 IST" name="EdgeTest1" finished-at="2023-03-23T21:06:32 IST" duration-ms="111484">
      <class name="TestNgTestCases.VerifyForgottPassordPage">
        <test-method is-config="true" signature="OpenTheBrowser(java.lang.String)[pri:0, instance:TestNgTestCases.VerifyForgottPassordPage@43195e57]" started-at="2023-03-23T21:04:41 IST" name="OpenTheBrowser" finished-at="2023-03-23T21:05:00 IST" duration-ms="19308" status="PASS">
          <params>
            <param index="0">
              <value>
                <![CDATA[Edge]]>
              </value>
            </param>
          </params>
          <reporter-output>
          </reporter-output>
        </test-method> <!-- OpenTheBrowser -->
        <test-method is-config="true" signature="gotoForgottPasswordPage()[pri:0, instance:TestNgTestCases.VerifyForgottPassordPage@43195e57]" started-at="2023-03-23T21:05:00 IST" name="gotoForgottPasswordPage" finished-at="2023-03-23T21:05:23 IST" duration-ms="23209" status="PASS">
          <reporter-output>
          </reporter-output>
        </test-method> <!-- gotoForgottPasswordPage -->
        <test-method signature="verifyMessageOnForgotPassWordPage()[pri:1, instance:TestNgTestCases.VerifyForgottPassordPage@43195e57]" started-at="2023-03-23T21:05:23 IST" name="verifyMessageOnForgotPassWordPage" finished-at="2023-03-23T21:05:23 IST" duration-ms="56" status="PASS">
          <reporter-output>
          </reporter-output>
        </test-method> <!-- verifyMessageOnForgotPassWordPage -->
        <test-method is-config="true" signature="AfterMethodLogOutApplication()[pri:0, instance:TestNgTestCases.VerifyForgottPassordPage@43195e57]" started-at="2023-03-23T21:05:23 IST" name="AfterMethodLogOutApplication" finished-at="2023-03-23T21:05:23 IST" duration-ms="0" status="PASS">
          <reporter-output>
          </reporter-output>
        </test-method> <!-- AfterMethodLogOutApplication -->
        <test-method is-config="true" signature="gotoForgottPasswordPage()[pri:0, instance:TestNgTestCases.VerifyForgottPassordPage@43195e57]" started-at="2023-03-23T21:05:23 IST" name="gotoForgottPasswordPage" finished-at="2023-03-23T21:05:39 IST" duration-ms="15494" status="PASS">
          <reporter-output>
          </reporter-output>
        </test-method> <!-- gotoForgottPasswordPage -->
        <test-method signature="verifyCancelButtonOnForgotPassWordPage()[pri:2, instance:TestNgTestCases.VerifyForgottPassordPage@43195e57]" started-at="2023-03-23T21:05:39 IST" name="verifyCancelButtonOnForgotPassWordPage" finished-at="2023-03-23T21:05:51 IST" duration-ms="12267" status="PASS">
          <reporter-output>
          </reporter-output>
        </test-method> <!-- verifyCancelButtonOnForgotPassWordPage -->
        <test-method is-config="true" signature="AfterMethodLogOutApplication()[pri:0, instance:TestNgTestCases.VerifyForgottPassordPage@43195e57]" started-at="2023-03-23T21:05:51 IST" name="AfterMethodLogOutApplication" finished-at="2023-03-23T21:05:51 IST" duration-ms="1" status="PASS">
          <reporter-output>
          </reporter-output>
        </test-method> <!-- AfterMethodLogOutApplication -->
        <test-method is-config="true" signature="gotoForgottPasswordPage()[pri:0, instance:TestNgTestCases.VerifyForgottPassordPage@43195e57]" started-at="2023-03-23T21:05:51 IST" name="gotoForgottPasswordPage" finished-at="2023-03-23T21:06:19 IST" duration-ms="27956" status="PASS">
          <reporter-output>
          </reporter-output>
        </test-method> <!-- gotoForgottPasswordPage -->
        <test-method signature="verifySearchButtonOnForgotPassWordPage()[pri:3, instance:TestNgTestCases.VerifyForgottPassordPage@43195e57]" started-at="2023-03-23T21:06:19 IST" name="verifySearchButtonOnForgotPassWordPage" finished-at="2023-03-23T21:06:32 IST" duration-ms="12470" status="FAIL">
          <exception class="org.openqa.selenium.NoSuchElementException">
            <message>
              <![CDATA[no such element: Unable to locate element: {"method":"xpath","selector":"//h3[text()='You’re Temporarily Blocked']"}
  (Session info: MicrosoftEdge=111.0.1661.44)
For documentation on this error, please visit: https://www.seleniumhq.org/exceptions/no_such_element.html
Build info: version: '3.141.59', revision: 'e82be7d358', time: '2018-11-14T08:17:03'
System info: host: 'DESKTOP-UQ5BJ9E', ip: '192.168.43.158', os.name: 'Windows 10', os.arch: 'amd64', os.version: '10.0', java.version: '18.0.2.1'
Driver info: org.openqa.selenium.edge.EdgeDriver
Capabilities {acceptInsecureCerts: false, browserName: msedge, browserVersion: 111.0.1661.44, javascriptEnabled: true, ms:edgeOptions: {debuggerAddress: localhost:49594}, msedge: {msedgedriverVersion: 111.0.1661.51 (5b30e0e79e57..., userDataDir: C:\Users\Shivam\AppData\Loc...}, networkConnectionEnabled: false, pageLoadStrategy: normal, platform: WINDOWS, platformName: WINDOWS, proxy: Proxy(), setWindowRect: true, strictFileInteractability: false, timeouts: {implicit: 0, pageLoad: 300000, script: 30000}, unhandledPromptBehavior: dismiss and notify, webauthn:extension:credBlob: true, webauthn:extension:largeBlob: true, webauthn:extension:minPinLength: true, webauthn:extension:prf: true, webauthn:virtualAuthenticators: true}
Session ID: 4e63520108cc9f6d0246092795f80c63
*** Element info: {Using=xpath, value=//h3[text()='You’re Temporarily Blocked']}]]>
            </message>
            <full-stacktrace>
              <![CDATA[org.openqa.selenium.NoSuchElementException: no such element: Unable to locate element: {"method":"xpath","selector":"//h3[text()='You’re Temporarily Blocked']"}
  (Session info: MicrosoftEdge=111.0.1661.44)
For documentation on this error, please visit: https://www.seleniumhq.org/exceptions/no_such_element.html
Build info: version: '3.141.59', revision: 'e82be7d358', time: '2018-11-14T08:17:03'
System info: host: 'DESKTOP-UQ5BJ9E', ip: '192.168.43.158', os.name: 'Windows 10', os.arch: 'amd64', os.version: '10.0', java.version: '18.0.2.1'
Driver info: org.openqa.selenium.edge.EdgeDriver
Capabilities {acceptInsecureCerts: false, browserName: msedge, browserVersion: 111.0.1661.44, javascriptEnabled: true, ms:edgeOptions: {debuggerAddress: localhost:49594}, msedge: {msedgedriverVersion: 111.0.1661.51 (5b30e0e79e57..., userDataDir: C:\Users\Shivam\AppData\Loc...}, networkConnectionEnabled: false, pageLoadStrategy: normal, platform: WINDOWS, platformName: WINDOWS, proxy: Proxy(), setWindowRect: true, strictFileInteractability: false, timeouts: {implicit: 0, pageLoad: 300000, script: 30000}, unhandledPromptBehavior: dismiss and notify, webauthn:extension:credBlob: true, webauthn:extension:largeBlob: true, webauthn:extension:minPinLength: true, webauthn:extension:prf: true, webauthn:virtualAuthenticators: true}
Session ID: 4e63520108cc9f6d0246092795f80c63
*** Element info: {Using=xpath, value=//h3[text()='You’re Temporarily Blocked']}
at java.base/jdk.internal.reflect.DirectConstructorHandleAccessor.newInstance(DirectConstructorHandleAccessor.java:67)
at java.base/java.lang.reflect.Constructor.newInstanceWithCaller(Constructor.java:499)
at java.base/java.lang.reflect.Constructor.newInstance(Constructor.java:483)
at org.openqa.selenium.remote.http.W3CHttpResponseCodec.createException(W3CHttpResponseCodec.java:187)
at org.openqa.selenium.remote.http.W3CHttpResponseCodec.decode(W3CHttpResponseCodec.java:122)
at org.openqa.selenium.remote.http.W3CHttpResponseCodec.decode(W3CHttpResponseCodec.java:49)
at org.openqa.selenium.remote.HttpCommandExecutor.execute(HttpCommandExecutor.java:158)
at org.openqa.selenium.remote.service.DriverCommandExecutor.execute(DriverCommandExecutor.java:83)
at org.openqa.selenium.remote.RemoteWebDriver.execute(RemoteWebDriver.java:552)
at org.openqa.selenium.remote.RemoteWebDriver.findElement(RemoteWebDriver.java:323)
at org.openqa.selenium.remote.RemoteWebDriver.findElementByXPath(RemoteWebDriver.java:428)
at org.openqa.selenium.By$ByXPath.findElement(By.java:353)
at org.openqa.selenium.remote.RemoteWebDriver.findElement(RemoteWebDriver.java:315)
at org.openqa.selenium.support.pagefactory.DefaultElementLocator.findElement(DefaultElementLocator.java:69)
at org.openqa.selenium.support.pagefactory.internal.LocatingElementHandler.invoke(LocatingElementHandler.java:38)
at jdk.proxy2/jdk.proxy2.$Proxy15.getText(Unknown Source)
at Page.ForgttonPassWordPage.getTextErrorTitleyourTemporalyText(ForgttonPassWordPage.java:63)
at TestNgTestCases.VerifyForgottPassordPage.verifySearchButtonOnForgotPassWordPage(VerifyForgottPassordPage.java:116)
at java.base/jdk.internal.reflect.DirectMethodHandleAccessor.invoke(DirectMethodHandleAccessor.java:104)
at java.base/java.lang.reflect.Method.invoke(Method.java:577)
at org.testng.internal.MethodInvocationHelper.invokeMethod(MethodInvocationHelper.java:133)
at org.testng.internal.TestInvoker.invokeMethod(TestInvoker.java:598)
at org.testng.internal.TestInvoker.invokeTestMethod(TestInvoker.java:173)
at org.testng.internal.MethodRunner.runInSequence(MethodRunner.java:46)
at org.testng.internal.TestInvoker$MethodInvocationAgent.invoke(TestInvoker.java:824)
at org.testng.internal.TestInvoker.invokeTestMethods(TestInvoker.java:146)
at org.testng.internal.TestMethodWorker.invokeTestMethods(TestMethodWorker.java:146)
at org.testng.internal.TestMethodWorker.run(TestMethodWorker.java:128)
at java.base/java.util.ArrayList.forEach(ArrayList.java:1511)
at org.testng.TestRunner.privateRun(TestRunner.java:794)
at org.testng.TestRunner.run(TestRunner.java:596)
at org.testng.SuiteRunner.runTest(SuiteRunner.java:377)
at org.testng.SuiteRunner.runSequentially(SuiteRunner.java:371)
at org.testng.SuiteRunner.privateRun(SuiteRunner.java:332)
at org.testng.SuiteRunner.run(SuiteRunner.java:276)
at org.testng.SuiteRunnerWorker.runSuite(SuiteRunnerWorker.java:53)
at org.testng.SuiteRunnerWorker.run(SuiteRunnerWorker.java:96)
at org.testng.TestNG.runSuitesSequentially(TestNG.java:1212)
at org.testng.TestNG.runSuitesLocally(TestNG.java:1134)
at org.testng.TestNG.runSuites(TestNG.java:1063)
at org.testng.TestNG.run(TestNG.java:1031)
at org.testng.remote.AbstractRemoteTestNG.run(AbstractRemoteTestNG.java:115)
at org.testng.remote.RemoteTestNG.initAndRun(RemoteTestNG.java:251)
at org.testng.remote.RemoteTestNG.main(RemoteTestNG.java:77)
]]>
            </full-stacktrace>
          </exception> <!-- org.openqa.selenium.NoSuchElementException -->
          <reporter-output>
          </reporter-output>
        </test-method> <!-- verifySearchButtonOnForgotPassWordPage -->
        <test-method is-config="true" signature="AfterMethodLogOutApplication()[pri:0, instance:TestNgTestCases.VerifyForgottPassordPage@43195e57]" started-at="2023-03-23T21:06:32 IST" name="AfterMethodLogOutApplication" finished-at="2023-03-23T21:06:32 IST" duration-ms="0" status="PASS">
          <reporter-output>
          </reporter-output>
        </test-method> <!-- AfterMethodLogOutApplication -->
        <test-method is-config="true" signature="BrowserClosed()[pri:0, instance:TestNgTestCases.VerifyForgottPassordPage@43195e57]" started-at="2023-03-23T21:06:32 IST" name="BrowserClosed" finished-at="2023-03-23T21:06:32 IST" duration-ms="702" status="PASS">
          <reporter-output>
          </reporter-output>
        </test-method> <!-- BrowserClosed -->
      </class> <!-- TestNgTestCases.VerifyForgottPassordPage -->
    </test> <!-- EdgeTest1 -->
  </suite> <!-- Suite1 -->
</testng-results>
