<?xml version="1.0" encoding="UTF-8"?>
<!-- Generated by org.testng.reporters.JUnitXMLReporter -->
<testsuite ignored="0" hostname="DESKTOP-UQ5BJ9E" failures="0" tests="3" name="ChromeTest1" time="67.861" errors="0" timestamp="2023-03-23T21:02:54 IST">
  <testcase classname="TestNgTestCases.VerifyForgottPassordPage" name="verifyMessageOnForgotPassWordPage" time="0.337"/>
  <testcase classname="TestNgTestCases.VerifyForgottPassordPage" name="verifyCancelButtonOnForgotPassWordPage" time="6.339"/>
  <testcase classname="TestNgTestCases.VerifyForgottPassordPage" name="verifySearchButtonOnForgotPassWordPage" time="3.403"/>
</testsuite> <!-- ChromeTest1 -->
