<?xml version="1.0" encoding="UTF-8"?>
<!-- Generated by org.testng.reporters.JUnitXMLReporter -->
<testsuite ignored="0" hostname="DESKTOP-UQ5BJ9E" failures="0" tests="4" name="Test" time="49.06" errors="0" timestamp="2023-03-23T13:34:32 IST">
  <testcase classname="TestNgTestCases.VerifyForgottPassordPage" name="verifyMessageOnForgotPassWordPage" time="0.297"/>
  <testcase classname="TestNgTestCases.VerifyForgottPassordPage" name="verifyMessageOnForgotPassWordPage" time="0.037"/>
  <testcase classname="TestNgTestCases.VerifyForgottPassordPage" name="verifyCancelButtonOnForgotPassWordPage" time="2.722"/>
  <testcase classname="TestNgTestCases.VerifyForgottPassordPage" name="verifySearchButtonOnForgotPassWordPage" time="1.437"/>
</testsuite> <!-- Test -->
