<?xml version="1.0" encoding="UTF-8"?>
<!-- Generated by org.testng.reporters.JUnitXMLReporter -->
<testsuite ignored="1" hostname="DESKTOP-UQ5BJ9E" failures="0" tests="2" name="TestNg" time="17.351" errors="0" timestamp="2023-03-23T15:19:35 IST">
  <testcase classname="TestNgTestCases.VerifyForgottPassordPage" name="verifyMessageOnForgotPassWordPage" time="0.089"/>
  <testcase classname="TestNgTestCases.VerifyForgottPassordPage" name="verifyCancelButtonOnForgotPassWordPage" time="1.494"/>
  <testcase classname="TestNgTestCases.VerifyForgottPassordPage" name="verifySearchButtonOnForgotPassWordPage" time="0.0">
    <ignored/>
  </testcase> <!-- verifySearchButtonOnForgotPassWordPage -->
</testsuite> <!-- TestNg -->
